2020-08-06 10:09:19,914 INFO o.a.j.u.JMeterUtils: Setting Locale to en_EN
2020-08-06 10:09:19,979 INFO o.a.j.JMeter: Loading user properties from: /usr/local/Cellar/jmeter/bin/user.properties
2020-08-06 10:09:19,980 INFO o.a.j.JMeter: Loading system properties from: /usr/local/Cellar/jmeter/bin/system.properties
2020-08-06 10:09:19,984 INFO o.a.j.JMeter: Copyright (c) 1998-2020 The Apache Software Foundation
2020-08-06 10:09:19,984 INFO o.a.j.JMeter: Version 5.3
2020-08-06 10:09:19,985 INFO o.a.j.JMeter: java.version=1.8.0_131
2020-08-06 10:09:19,985 INFO o.a.j.JMeter: java.vm.name=Java HotSpot(TM) 64-Bit Server VM
2020-08-06 10:09:19,985 INFO o.a.j.JMeter: os.name=Mac OS X
2020-08-06 10:09:19,985 INFO o.a.j.JMeter: os.arch=x86_64
2020-08-06 10:09:19,985 INFO o.a.j.JMeter: os.version=10.15.6
2020-08-06 10:09:19,985 INFO o.a.j.JMeter: file.encoding=UTF-8
2020-08-06 10:09:19,985 INFO o.a.j.JMeter: java.awt.headless=null
2020-08-06 10:09:19,986 INFO o.a.j.JMeter: Max memory     =1073741824
2020-08-06 10:09:19,986 INFO o.a.j.JMeter: Available Processors =4
2020-08-06 10:09:20,000 INFO o.a.j.JMeter: Default Locale=English (EN)
2020-08-06 10:09:20,001 INFO o.a.j.JMeter: JMeter  Locale=English (EN)
2020-08-06 10:09:20,001 INFO o.a.j.JMeter: JMeterHome=/usr/local/Cellar/jmeter
2020-08-06 10:09:20,001 INFO o.a.j.JMeter: user.dir  =/Users/zhaojianwei/Projects/ezbuy/goflow/src/git.ezbuy.me/ezbuy/tao
2020-08-06 10:09:20,001 INFO o.a.j.JMeter: PWD       =/Users/zhaojianwei/Projects/ezbuy/goflow/src/git.ezbuy.me/ezbuy/tao
2020-08-06 10:09:25,007 INFO o.a.j.JMeter: IP: 192.168.108.135 Name: zhaojianweideMacBook-Pro.local FullName: 192.168.108.135
2020-08-06 10:09:26,405 INFO o.a.j.JMeter: Setting LAF to: com.github.weisj.darklaf.DarkLaf:com.github.weisj.darklaf.theme.DarculaTheme
2020-08-06 10:09:32,073 INFO o.a.j.JMeter: Loaded icon properties from org/apache/jmeter/images/icon.properties
2020-08-06 10:10:01,603 INFO o.a.j.s.FileServer: Default base='/Users/zhaojianwei/Projects/ezbuy/goflow/src/git.ezbuy.me/ezbuy/tao'
2020-08-06 10:10:01,614 INFO o.a.j.g.a.Load: Loading file: /Users/zhaojianwei/Downloads/卖家平台_01.jmx
2020-08-06 10:10:01,615 INFO o.a.j.s.FileServer: Set new base='/Users/zhaojianwei/Downloads'
2020-08-06 10:10:02,153 INFO o.a.j.s.SaveService: Testplan (JMX) version: 2.2. Testlog (JTL) version: 2.2
2020-08-06 10:10:02,205 INFO o.a.j.s.SaveService: Using SaveService properties file encoding UTF-8
2020-08-06 10:10:02,207 INFO o.a.j.s.SaveService: Using SaveService properties version 5.0
2020-08-06 10:10:02,212 INFO o.a.j.s.SaveService: Loading file: /Users/zhaojianwei/Downloads/卖家平台_01.jmx
2020-08-06 10:10:02,315 INFO o.a.j.p.h.s.HTTPSamplerBase: Parser for text/html is org.apache.jmeter.protocol.http.parser.LagartoBasedHtmlParser
2020-08-06 10:10:02,315 INFO o.a.j.p.h.s.HTTPSamplerBase: Parser for application/xhtml+xml is org.apache.jmeter.protocol.http.parser.LagartoBasedHtmlParser
2020-08-06 10:10:02,316 INFO o.a.j.p.h.s.HTTPSamplerBase: Parser for application/xml is org.apache.jmeter.protocol.http.parser.LagartoBasedHtmlParser
2020-08-06 10:10:02,316 INFO o.a.j.p.h.s.HTTPSamplerBase: Parser for text/xml is org.apache.jmeter.protocol.http.parser.LagartoBasedHtmlParser
2020-08-06 10:10:02,316 INFO o.a.j.p.h.s.HTTPSamplerBase: Parser for text/vnd.wap.wml is org.apache.jmeter.protocol.http.parser.RegexpHTMLParser
2020-08-06 10:10:02,316 INFO o.a.j.p.h.s.HTTPSamplerBase: Parser for text/css is org.apache.jmeter.protocol.http.parser.CssParser
2020-08-06 10:10:02,890 INFO o.a.j.s.SampleResult: Note: Sample TimeStamps are START times
2020-08-06 10:10:02,890 INFO o.a.j.s.SampleResult: sampleresult.default.encoding is set to ISO-8859-1
2020-08-06 10:10:02,891 INFO o.a.j.s.SampleResult: sampleresult.useNanoTime=true
2020-08-06 10:10:02,891 INFO o.a.j.s.SampleResult: sampleresult.nanoThreadSleep=5000
2020-08-06 10:10:06,045 INFO o.a.j.s.FileServer: Set new base='/Users/zhaojianwei/Downloads'
